


ARM Macro Assembler    Page 1 


    1 00000000         ; main.s
    2 00000000         
    3 00000000                 THUMB
    4 00000000                 AREA             DATA, ALIGN=2
    5 00000000 00 00 00 
              00       TimeA   SPACE            4
    6 00000004 00 00 00 
              00       TimeB   SPACE            4
    7 00000008         
    8 00000008                 ALIGN
    9 00000008                 AREA             |.text|, CODE, READONLY, ALIGN=
2
   10 00000000                 INCLUDE          Registers.s
    1 00000000         
    2 00000000 400FE000 
                       SYSCTL_BASE
                               EQU              0x400FE000
    3 00000000 400FE608 
                       SYSCTL_RCGCGPIO
                               EQU              0x400FE608
    4 00000000 400FEA08 
                       SYSCTL_PRGPIO
                               EQU              0x400FEA08
    5 00000000 400FE618 
                       SYSCTL_RCGCUART
                               EQU              0x400FE618
    6 00000000 400FEA18 
                       SYSCTL_PRUART
                               EQU              0x400FEA18
    7 00000000 400FE604 
                       SYSCTL_RCGCTIMER
                               EQU              0x400FE604
    8 00000000 400FEA04 
                       SYSCTL_PRTIMER
                               EQU              0x400FEA04
    9 00000000 4C4F434B 
                       GPIO_PORTF_UNLOCK
                               EQU              0x4C4F434B
   10 00000000 00000608 
                       RCGCGPIO
                               EQU              0x608
   11 00000000 00000A08 
                       PRGPIO  EQU              0xA08
   12 00000000 00000618 
                       RCGCUART
                               EQU              0x618
   13 00000000 00000A18 
                       PRUART  EQU              0xA18
   14 00000000         
   15 00000000 E000E100 
                       NVIC_EN0
                               EQU              0xE000E100
   16 00000000 E000E104 
                       NVIC_EN1
                               EQU              0xE000E104
   17 00000000 E000E400 
                       NVIC_PRI_base
                               EQU              0xE000E400
   18 00000000 E000E010 



ARM Macro Assembler    Page 2 


                       NVIC_ST_CTRL
                               EQU              0xE000E010
   19 00000000 E000E014 
                       NVIC_ST_RELOAD
                               EQU              0xE000E014
   20 00000000 E000E018 
                       NVIC_ST_CURRENT
                               EQU              0xE000E018
   21 00000000 E000ED20 
                       NVIC_SYS_PRI3
                               EQU              0xE000ED20
   22 00000000         
   23 00000000 40004000 
                       GPIO_A_BASE
                               EQU              0x40004000
   24 00000000 40005000 
                       GPIO_B_BASE
                               EQU              0x40005000
   25 00000000 40006000 
                       GPIO_C_BASE
                               EQU              0x40006000
   26 00000000 40007000 
                       GPIO_D_BASE
                               EQU              0x40007000
   27 00000000 40024000 
                       GPIO_E_BASE
                               EQU              0x40024000
   28 00000000 40025000 
                       GPIO_F_BASE
                               EQU              0x40025000
   29 00000000         
   30 00000000 400043FC 
                       GPIO_A_DATA
                               EQU              0x400043FC
   31 00000000 400053FC 
                       GPIO_B_DATA
                               EQU              0x400053FC
   32 00000000 400063FC 
                       GPIO_C_DATA
                               EQU              0x400063FC
   33 00000000 400073FC 
                       GPIO_D_DATA
                               EQU              0x400073FC
   34 00000000 400243FC 
                       GPIO_E_DATA
                               EQU              0x400243FC
   35 00000000 400253FC 
                       GPIO_F_DATA
                               EQU              0x400253FC
   36 00000000         
   37 00000000 000003FC 
                       GPIO_DATA
                               EQU              0x3FC
   38 00000000 00000400 
                       GPIO_DIR
                               EQU              0x400
   39 00000000 00000404 
                       GPIO_IS EQU              0x404
   40 00000000 00000408 



ARM Macro Assembler    Page 3 


                       GPIO_IBE
                               EQU              0x408
   41 00000000 0000040C 
                       GPIO_IEV
                               EQU              0x40C
   42 00000000 00000410 
                       GPIO_IM EQU              0x410
   43 00000000 00000414 
                       GPIO_RIS
                               EQU              0x414
   44 00000000 00000418 
                       GPIO_MIS
                               EQU              0x418
   45 00000000 0000041C 
                       GPIO_ICR
                               EQU              0x41C
   46 00000000 00000420 
                       GPIO_AFSEL
                               EQU              0x420
   47 00000000 00000508 
                       GPIO_DR8R
                               EQU              0x508
   48 00000000 0000050C 
                       GPIO_ODR
                               EQU              0x50C
   49 00000000 00000510 
                       GPIO_PUR
                               EQU              0x510
   50 00000000 00000514 
                       GPIO_PDR
                               EQU              0x514
   51 00000000 0000051C 
                       GPIO_DEN
                               EQU              0x51C
   52 00000000 0000052C 
                       GPIO_PCTL
                               EQU              0x52C
   53 00000000 00000524 
                       GPIO_CR EQU              0x524
   54 00000000 00000520 
                       GPIO_LOCK
                               EQU              0x520
   55 00000000         
   56 00000000 4000C000 
                       UART0_BASE
                               EQU              0x4000C000
   57 00000000 4000C000 
                       UART0_DR_R
                               EQU              0x4000C000
   58 00000000 4000C018 
                       UART0_FR_R
                               EQU              0x4000C018
   59 00000000 00000024 
                       UART0_IBRD
                               EQU              0x024
   60 00000000 00000028 
                       UART0_FBRD
                               EQU              0x028
   61 00000000 0000002C 



ARM Macro Assembler    Page 4 


                       UART0_LCRH
                               EQU              0x02C
   62 00000000 00000030 
                       UART0_CTL
                               EQU              0x030
   63 00000000         
   64 00000000 40030000 
                       TIMER0_BASE
                               EQU              0x40030000
   65 00000000 40031000 
                       TIMER1_BASE
                               EQU              0x40031000
   66 00000000 40032000 
                       TIMER2_BASE
                               EQU              0x40032000
   67 00000000 40033000 
                       TIMER3_BASE
                               EQU              0x40033000
   68 00000000         
   69 00000000 0000000C 
                       TIMER_CTL
                               EQU              0x00C
   70 00000000 00000000 
                       TIMER_CFG
                               EQU              0x000
   71 00000000 00000004 
                       TIMER_TAMR
                               EQU              0x004
   72 00000000 00000008 
                       TIMER_TBMR
                               EQU              0x008
   73 00000000 00000028 
                       TIMER_TAILR
                               EQU              0x028
   74 00000000 0000002C 
                       TIMER_TBILR
                               EQU              0x02C
   75 00000000 00000038 
                       TIMER_TAPR
                               EQU              0x038
   76 00000000 0000003C 
                       TIMER_TBPR
                               EQU              0x03C
   77 00000000 00000018 
                       TIMER_IMR
                               EQU              0x018
   78 00000000 00000024 
                       TIMER_ICR
                               EQU              0x024
   79 00000000 00000048 
                       TIMER_TAR
                               EQU              0x048
   80 00000000 0000004C 
                       TIMER_TBR
                               EQU              0x04C
   81 00000000 0000001C 
                       TIMER_RIS
                               EQU              0x01C
   82 00000000         



ARM Macro Assembler    Page 5 


   83 00000000         
   84 00000000         
   85 00000000                 END
   11 00000000                 EXPORT           Start
   12 00000000                 EXPORT           TimeA
   13 00000000                 EXPORT           TimeB
   14 00000000         
   15 00000000                 IMPORT           Initialize_UART0
   16 00000000                 IMPORT           OUT2DEC
   17 00000000                 IMPORT           Read_Char   ; char returned in 
                                                            R3
   18 00000000                 IMPORT           Write_Char  ; char must be in R
                                                            3 before calling
   19 00000000                 IMPORT           DelayMs     ; number of ms must
                                                             be stored in R4 be
                                                            fore calling
   20 00000000                 IMPORT           DelayUs
   21 00000000                 IMPORT           Test_UART
   22 00000000                 IMPORT           Setup_TIMER
   23 00000000                 IMPORT           SetupGPIO
   24 00000000         
   25 00000000         Start
   26 00000000 F7FF FFFE       BL               Initialize_UART0 ; setup UART0 
                                                            (38400, 8, 2 stop, 
                                                            odd parity, noflow)
                                                            
   27 00000004 F7FF FFFE       BL               Test_UART   ; prints GO then ec
                                                            hos chars in termin
                                                            al until q pressed.
                                                            
   28 00000008         
   29 00000008 F7FF FFFE       BL               SetupGPIO
   30 0000000C F7FF FFFE       BL               Setup_TIMER
   31 00000010         
   32 00000010 F44F 74FA       MOV              R4, #500
   33 00000014         Spin
   34 00000014 4803            LDR              R0, =GPIO_B_DATA
   35 00000016 6801            LDR              R1, [R0]
   36 00000018 F081 0110       EOR              R1, #0x10
   37 0000001C 6001            STR              R1, [R0]
   38 0000001E F7FF FFFE       BL               DelayMs
   39 00000022         
   40 00000022 E7F7            B                Spin
   41 00000024         
   42 00000024         
   43 00000024         
   44 00000024                 ALIGN
   45 00000024                 END
              400053FC 
Command Line: --debug --xref --diag_suppress=9931 --cpu=Cortex-M4.fp --apcs=int
erwork --depend=.\main.d -o.\main.o -I.\RTE\_Target_1 -IC:\Keil_v5\ARM\PACK\ARM
\CMSIS\5.1.0\CMSIS\Include -IC:\Keil_v5\ARM\PACK\Keil\TM4C_DFP\1.1.0\Device\Inc
lude\TM4C123 --predefine="__EVAL SETA 1" --predefine="__UVISION_VERSION SETA 52
3" --predefine="_RTE_ SETA 1" --predefine="TM4C123GH6PM SETA 1" --list=.\main.l
st main.s



ARM Macro Assembler    Page 1 Alphabetic symbol ordering
Relocatable symbols

DATA 00000000

Symbol: DATA
   Definitions
      At line 4 in file main.s
   Uses
      None
Comment: DATA unused
TimeA 00000000

Symbol: TimeA
   Definitions
      At line 5 in file main.s
   Uses
      At line 12 in file main.s
Comment: TimeA used once
TimeB 00000004

Symbol: TimeB
   Definitions
      At line 6 in file main.s
   Uses
      At line 13 in file main.s
Comment: TimeB used once
3 symbols



ARM Macro Assembler    Page 1 Alphabetic symbol ordering
Relocatable symbols

.text 00000000

Symbol: .text
   Definitions
      At line 9 in file main.s
   Uses
      None
Comment: .text unused
Spin 00000014

Symbol: Spin
   Definitions
      At line 33 in file main.s
   Uses
      At line 40 in file main.s
Comment: Spin used once
Start 00000000

Symbol: Start
   Definitions
      At line 25 in file main.s
   Uses
      At line 11 in file main.s
Comment: Start used once
3 symbols



ARM Macro Assembler    Page 1 Alphabetic symbol ordering
Absolute symbols

GPIO_AFSEL 00000420

Symbol: GPIO_AFSEL
   Definitions
      At line 46 in file Registers.s
   Uses
      None
Comment: GPIO_AFSEL unused
GPIO_A_BASE 40004000

Symbol: GPIO_A_BASE
   Definitions
      At line 23 in file Registers.s
   Uses
      None
Comment: GPIO_A_BASE unused
GPIO_A_DATA 400043FC

Symbol: GPIO_A_DATA
   Definitions
      At line 30 in file Registers.s
   Uses
      None
Comment: GPIO_A_DATA unused
GPIO_B_BASE 40005000

Symbol: GPIO_B_BASE
   Definitions
      At line 24 in file Registers.s
   Uses
      None
Comment: GPIO_B_BASE unused
GPIO_B_DATA 400053FC

Symbol: GPIO_B_DATA
   Definitions
      At line 31 in file Registers.s
   Uses
      At line 34 in file main.s
Comment: GPIO_B_DATA used once
GPIO_CR 00000524

Symbol: GPIO_CR
   Definitions
      At line 53 in file Registers.s
   Uses
      None
Comment: GPIO_CR unused
GPIO_C_BASE 40006000

Symbol: GPIO_C_BASE
   Definitions
      At line 25 in file Registers.s
   Uses
      None
Comment: GPIO_C_BASE unused
GPIO_C_DATA 400063FC

Symbol: GPIO_C_DATA



ARM Macro Assembler    Page 2 Alphabetic symbol ordering
Absolute symbols

   Definitions
      At line 32 in file Registers.s
   Uses
      None
Comment: GPIO_C_DATA unused
GPIO_DATA 000003FC

Symbol: GPIO_DATA
   Definitions
      At line 37 in file Registers.s
   Uses
      None
Comment: GPIO_DATA unused
GPIO_DEN 0000051C

Symbol: GPIO_DEN
   Definitions
      At line 51 in file Registers.s
   Uses
      None
Comment: GPIO_DEN unused
GPIO_DIR 00000400

Symbol: GPIO_DIR
   Definitions
      At line 38 in file Registers.s
   Uses
      None
Comment: GPIO_DIR unused
GPIO_DR8R 00000508

Symbol: GPIO_DR8R
   Definitions
      At line 47 in file Registers.s
   Uses
      None
Comment: GPIO_DR8R unused
GPIO_D_BASE 40007000

Symbol: GPIO_D_BASE
   Definitions
      At line 26 in file Registers.s
   Uses
      None
Comment: GPIO_D_BASE unused
GPIO_D_DATA 400073FC

Symbol: GPIO_D_DATA
   Definitions
      At line 33 in file Registers.s
   Uses
      None
Comment: GPIO_D_DATA unused
GPIO_E_BASE 40024000

Symbol: GPIO_E_BASE
   Definitions
      At line 27 in file Registers.s
   Uses



ARM Macro Assembler    Page 3 Alphabetic symbol ordering
Absolute symbols

      None
Comment: GPIO_E_BASE unused
GPIO_E_DATA 400243FC

Symbol: GPIO_E_DATA
   Definitions
      At line 34 in file Registers.s
   Uses
      None
Comment: GPIO_E_DATA unused
GPIO_F_BASE 40025000

Symbol: GPIO_F_BASE
   Definitions
      At line 28 in file Registers.s
   Uses
      None
Comment: GPIO_F_BASE unused
GPIO_F_DATA 400253FC

Symbol: GPIO_F_DATA
   Definitions
      At line 35 in file Registers.s
   Uses
      None
Comment: GPIO_F_DATA unused
GPIO_IBE 00000408

Symbol: GPIO_IBE
   Definitions
      At line 40 in file Registers.s
   Uses
      None
Comment: GPIO_IBE unused
GPIO_ICR 0000041C

Symbol: GPIO_ICR
   Definitions
      At line 45 in file Registers.s
   Uses
      None
Comment: GPIO_ICR unused
GPIO_IEV 0000040C

Symbol: GPIO_IEV
   Definitions
      At line 41 in file Registers.s
   Uses
      None
Comment: GPIO_IEV unused
GPIO_IM 00000410

Symbol: GPIO_IM
   Definitions
      At line 42 in file Registers.s
   Uses
      None
Comment: GPIO_IM unused
GPIO_IS 00000404



ARM Macro Assembler    Page 4 Alphabetic symbol ordering
Absolute symbols


Symbol: GPIO_IS
   Definitions
      At line 39 in file Registers.s
   Uses
      None
Comment: GPIO_IS unused
GPIO_LOCK 00000520

Symbol: GPIO_LOCK
   Definitions
      At line 54 in file Registers.s
   Uses
      None
Comment: GPIO_LOCK unused
GPIO_MIS 00000418

Symbol: GPIO_MIS
   Definitions
      At line 44 in file Registers.s
   Uses
      None
Comment: GPIO_MIS unused
GPIO_ODR 0000050C

Symbol: GPIO_ODR
   Definitions
      At line 48 in file Registers.s
   Uses
      None
Comment: GPIO_ODR unused
GPIO_PCTL 0000052C

Symbol: GPIO_PCTL
   Definitions
      At line 52 in file Registers.s
   Uses
      None
Comment: GPIO_PCTL unused
GPIO_PDR 00000514

Symbol: GPIO_PDR
   Definitions
      At line 50 in file Registers.s
   Uses
      None
Comment: GPIO_PDR unused
GPIO_PORTF_UNLOCK 4C4F434B

Symbol: GPIO_PORTF_UNLOCK
   Definitions
      At line 9 in file Registers.s
   Uses
      None
Comment: GPIO_PORTF_UNLOCK unused
GPIO_PUR 00000510

Symbol: GPIO_PUR
   Definitions



ARM Macro Assembler    Page 5 Alphabetic symbol ordering
Absolute symbols

      At line 49 in file Registers.s
   Uses
      None
Comment: GPIO_PUR unused
GPIO_RIS 00000414

Symbol: GPIO_RIS
   Definitions
      At line 43 in file Registers.s
   Uses
      None
Comment: GPIO_RIS unused
NVIC_EN0 E000E100

Symbol: NVIC_EN0
   Definitions
      At line 15 in file Registers.s
   Uses
      None
Comment: NVIC_EN0 unused
NVIC_EN1 E000E104

Symbol: NVIC_EN1
   Definitions
      At line 16 in file Registers.s
   Uses
      None
Comment: NVIC_EN1 unused
NVIC_PRI_base E000E400

Symbol: NVIC_PRI_base
   Definitions
      At line 17 in file Registers.s
   Uses
      None
Comment: NVIC_PRI_base unused
NVIC_ST_CTRL E000E010

Symbol: NVIC_ST_CTRL
   Definitions
      At line 18 in file Registers.s
   Uses
      None
Comment: NVIC_ST_CTRL unused
NVIC_ST_CURRENT E000E018

Symbol: NVIC_ST_CURRENT
   Definitions
      At line 20 in file Registers.s
   Uses
      None
Comment: NVIC_ST_CURRENT unused
NVIC_ST_RELOAD E000E014

Symbol: NVIC_ST_RELOAD
   Definitions
      At line 19 in file Registers.s
   Uses
      None



ARM Macro Assembler    Page 6 Alphabetic symbol ordering
Absolute symbols

Comment: NVIC_ST_RELOAD unused
NVIC_SYS_PRI3 E000ED20

Symbol: NVIC_SYS_PRI3
   Definitions
      At line 21 in file Registers.s
   Uses
      None
Comment: NVIC_SYS_PRI3 unused
PRGPIO 00000A08

Symbol: PRGPIO
   Definitions
      At line 11 in file Registers.s
   Uses
      None
Comment: PRGPIO unused
PRUART 00000A18

Symbol: PRUART
   Definitions
      At line 13 in file Registers.s
   Uses
      None
Comment: PRUART unused
RCGCGPIO 00000608

Symbol: RCGCGPIO
   Definitions
      At line 10 in file Registers.s
   Uses
      None
Comment: RCGCGPIO unused
RCGCUART 00000618

Symbol: RCGCUART
   Definitions
      At line 12 in file Registers.s
   Uses
      None
Comment: RCGCUART unused
SYSCTL_BASE 400FE000

Symbol: SYSCTL_BASE
   Definitions
      At line 2 in file Registers.s
   Uses
      None
Comment: SYSCTL_BASE unused
SYSCTL_PRGPIO 400FEA08

Symbol: SYSCTL_PRGPIO
   Definitions
      At line 4 in file Registers.s
   Uses
      None
Comment: SYSCTL_PRGPIO unused
SYSCTL_PRTIMER 400FEA04




ARM Macro Assembler    Page 7 Alphabetic symbol ordering
Absolute symbols

Symbol: SYSCTL_PRTIMER
   Definitions
      At line 8 in file Registers.s
   Uses
      None
Comment: SYSCTL_PRTIMER unused
SYSCTL_PRUART 400FEA18

Symbol: SYSCTL_PRUART
   Definitions
      At line 6 in file Registers.s
   Uses
      None
Comment: SYSCTL_PRUART unused
SYSCTL_RCGCGPIO 400FE608

Symbol: SYSCTL_RCGCGPIO
   Definitions
      At line 3 in file Registers.s
   Uses
      None
Comment: SYSCTL_RCGCGPIO unused
SYSCTL_RCGCTIMER 400FE604

Symbol: SYSCTL_RCGCTIMER
   Definitions
      At line 7 in file Registers.s
   Uses
      None
Comment: SYSCTL_RCGCTIMER unused
SYSCTL_RCGCUART 400FE618

Symbol: SYSCTL_RCGCUART
   Definitions
      At line 5 in file Registers.s
   Uses
      None
Comment: SYSCTL_RCGCUART unused
TIMER0_BASE 40030000

Symbol: TIMER0_BASE
   Definitions
      At line 64 in file Registers.s
   Uses
      None
Comment: TIMER0_BASE unused
TIMER1_BASE 40031000

Symbol: TIMER1_BASE
   Definitions
      At line 65 in file Registers.s
   Uses
      None
Comment: TIMER1_BASE unused
TIMER2_BASE 40032000

Symbol: TIMER2_BASE
   Definitions
      At line 66 in file Registers.s



ARM Macro Assembler    Page 8 Alphabetic symbol ordering
Absolute symbols

   Uses
      None
Comment: TIMER2_BASE unused
TIMER3_BASE 40033000

Symbol: TIMER3_BASE
   Definitions
      At line 67 in file Registers.s
   Uses
      None
Comment: TIMER3_BASE unused
TIMER_CFG 00000000

Symbol: TIMER_CFG
   Definitions
      At line 70 in file Registers.s
   Uses
      None
Comment: TIMER_CFG unused
TIMER_CTL 0000000C

Symbol: TIMER_CTL
   Definitions
      At line 69 in file Registers.s
   Uses
      None
Comment: TIMER_CTL unused
TIMER_ICR 00000024

Symbol: TIMER_ICR
   Definitions
      At line 78 in file Registers.s
   Uses
      None
Comment: TIMER_ICR unused
TIMER_IMR 00000018

Symbol: TIMER_IMR
   Definitions
      At line 77 in file Registers.s
   Uses
      None
Comment: TIMER_IMR unused
TIMER_RIS 0000001C

Symbol: TIMER_RIS
   Definitions
      At line 81 in file Registers.s
   Uses
      None
Comment: TIMER_RIS unused
TIMER_TAILR 00000028

Symbol: TIMER_TAILR
   Definitions
      At line 73 in file Registers.s
   Uses
      None
Comment: TIMER_TAILR unused



ARM Macro Assembler    Page 9 Alphabetic symbol ordering
Absolute symbols

TIMER_TAMR 00000004

Symbol: TIMER_TAMR
   Definitions
      At line 71 in file Registers.s
   Uses
      None
Comment: TIMER_TAMR unused
TIMER_TAPR 00000038

Symbol: TIMER_TAPR
   Definitions
      At line 75 in file Registers.s
   Uses
      None
Comment: TIMER_TAPR unused
TIMER_TAR 00000048

Symbol: TIMER_TAR
   Definitions
      At line 79 in file Registers.s
   Uses
      None
Comment: TIMER_TAR unused
TIMER_TBILR 0000002C

Symbol: TIMER_TBILR
   Definitions
      At line 74 in file Registers.s
   Uses
      None
Comment: TIMER_TBILR unused
TIMER_TBMR 00000008

Symbol: TIMER_TBMR
   Definitions
      At line 72 in file Registers.s
   Uses
      None
Comment: TIMER_TBMR unused
TIMER_TBPR 0000003C

Symbol: TIMER_TBPR
   Definitions
      At line 76 in file Registers.s
   Uses
      None
Comment: TIMER_TBPR unused
TIMER_TBR 0000004C

Symbol: TIMER_TBR
   Definitions
      At line 80 in file Registers.s
   Uses
      None
Comment: TIMER_TBR unused
UART0_BASE 4000C000

Symbol: UART0_BASE



ARM Macro Assembler    Page 10 Alphabetic symbol ordering
Absolute symbols

   Definitions
      At line 56 in file Registers.s
   Uses
      None
Comment: UART0_BASE unused
UART0_CTL 00000030

Symbol: UART0_CTL
   Definitions
      At line 62 in file Registers.s
   Uses
      None
Comment: UART0_CTL unused
UART0_DR_R 4000C000

Symbol: UART0_DR_R
   Definitions
      At line 57 in file Registers.s
   Uses
      None
Comment: UART0_DR_R unused
UART0_FBRD 00000028

Symbol: UART0_FBRD
   Definitions
      At line 60 in file Registers.s
   Uses
      None
Comment: UART0_FBRD unused
UART0_FR_R 4000C018

Symbol: UART0_FR_R
   Definitions
      At line 58 in file Registers.s
   Uses
      None
Comment: UART0_FR_R unused
UART0_IBRD 00000024

Symbol: UART0_IBRD
   Definitions
      At line 59 in file Registers.s
   Uses
      None
Comment: UART0_IBRD unused
UART0_LCRH 0000002C

Symbol: UART0_LCRH
   Definitions
      At line 61 in file Registers.s
   Uses
      None
Comment: UART0_LCRH unused
73 symbols



ARM Macro Assembler    Page 1 Alphabetic symbol ordering
External symbols

DelayMs 00000000

Symbol: DelayMs
   Definitions
      At line 19 in file main.s
   Uses
      At line 38 in file main.s
Comment: DelayMs used once
DelayUs 00000000

Symbol: DelayUs
   Definitions
      At line 20 in file main.s
   Uses
      None
Comment: DelayUs unused
Initialize_UART0 00000000

Symbol: Initialize_UART0
   Definitions
      At line 15 in file main.s
   Uses
      At line 26 in file main.s
Comment: Initialize_UART0 used once
OUT2DEC 00000000

Symbol: OUT2DEC
   Definitions
      At line 16 in file main.s
   Uses
      None
Comment: OUT2DEC unused
Read_Char 00000000

Symbol: Read_Char
   Definitions
      At line 17 in file main.s
   Uses
      None
Comment: Read_Char unused
SetupGPIO 00000000

Symbol: SetupGPIO
   Definitions
      At line 23 in file main.s
   Uses
      At line 29 in file main.s
Comment: SetupGPIO used once
Setup_TIMER 00000000

Symbol: Setup_TIMER
   Definitions
      At line 22 in file main.s
   Uses
      At line 30 in file main.s
Comment: Setup_TIMER used once
Test_UART 00000000

Symbol: Test_UART



ARM Macro Assembler    Page 2 Alphabetic symbol ordering
External symbols

   Definitions
      At line 21 in file main.s
   Uses
      At line 27 in file main.s
Comment: Test_UART used once
Write_Char 00000000

Symbol: Write_Char
   Definitions
      At line 18 in file main.s
   Uses
      None
Comment: Write_Char unused
9 symbols
425 symbols in table
