


ARM Macro Assembler    Page 1 


    1 00000000         
    2 00000000                 AREA             MYCODE, CODE, READONLY, ALIGN=2
    3 00000000         
    4 00000000                 INCLUDE          Registers.s
    1 00000000         
    2 00000000 400FE000 
                       SYSCTL_BASE
                               EQU              0x400FE000
    3 00000000 400FE608 
                       SYSCTL_RCGCGPIO
                               EQU              0x400FE608
    4 00000000 400FEA08 
                       SYSCTL_PRGPIO
                               EQU              0x400FEA08
    5 00000000 400FE618 
                       SYSCTL_RCGCUART
                               EQU              0x400FE618
    6 00000000 400FEA18 
                       SYSCTL_PRUART
                               EQU              0x400FEA18
    7 00000000 400FE604 
                       SYSCTL_RCGCTIMER
                               EQU              0x400FE604
    8 00000000 400FEA04 
                       SYSCTL_PRTIMER
                               EQU              0x400FEA04
    9 00000000 4C4F434B 
                       GPIO_PORTF_UNLOCK
                               EQU              0x4C4F434B
   10 00000000 00000608 
                       RCGCGPIO
                               EQU              0x608
   11 00000000 00000A08 
                       PRGPIO  EQU              0xA08
   12 00000000 00000618 
                       RCGCUART
                               EQU              0x618
   13 00000000 00000A18 
                       PRUART  EQU              0xA18
   14 00000000         
   15 00000000 E000E100 
                       NVIC_EN0
                               EQU              0xE000E100
   16 00000000 E000E104 
                       NVIC_EN1
                               EQU              0xE000E104
   17 00000000 E000E400 
                       NVIC_PRI_base
                               EQU              0xE000E400
   18 00000000 E000E010 
                       NVIC_ST_CTRL
                               EQU              0xE000E010
   19 00000000 E000E014 
                       NVIC_ST_RELOAD
                               EQU              0xE000E014
   20 00000000 E000E018 
                       NVIC_ST_CURRENT
                               EQU              0xE000E018
   21 00000000 E000ED20 



ARM Macro Assembler    Page 2 


                       NVIC_SYS_PRI3
                               EQU              0xE000ED20
   22 00000000         
   23 00000000 40004000 
                       GPIO_A_BASE
                               EQU              0x40004000
   24 00000000 40005000 
                       GPIO_B_BASE
                               EQU              0x40005000
   25 00000000 40006000 
                       GPIO_C_BASE
                               EQU              0x40006000
   26 00000000 40007000 
                       GPIO_D_BASE
                               EQU              0x40007000
   27 00000000 40024000 
                       GPIO_E_BASE
                               EQU              0x40024000
   28 00000000 40025000 
                       GPIO_F_BASE
                               EQU              0x40025000
   29 00000000         
   30 00000000 400043FC 
                       GPIO_A_DATA
                               EQU              0x400043FC
   31 00000000 400053FC 
                       GPIO_B_DATA
                               EQU              0x400053FC
   32 00000000 400063FC 
                       GPIO_C_DATA
                               EQU              0x400063FC
   33 00000000 400073FC 
                       GPIO_D_DATA
                               EQU              0x400073FC
   34 00000000 400243FC 
                       GPIO_E_DATA
                               EQU              0x400243FC
   35 00000000 400253FC 
                       GPIO_F_DATA
                               EQU              0x400253FC
   36 00000000         
   37 00000000 000003FC 
                       GPIO_DATA
                               EQU              0x3FC
   38 00000000 00000400 
                       GPIO_DIR
                               EQU              0x400
   39 00000000 00000404 
                       GPIO_IS EQU              0x404
   40 00000000 00000408 
                       GPIO_IBE
                               EQU              0x408
   41 00000000 0000040C 
                       GPIO_IEV
                               EQU              0x40C
   42 00000000 00000410 
                       GPIO_IM EQU              0x410
   43 00000000 00000414 
                       GPIO_RIS



ARM Macro Assembler    Page 3 


                               EQU              0x414
   44 00000000 00000418 
                       GPIO_MIS
                               EQU              0x418
   45 00000000 0000041C 
                       GPIO_ICR
                               EQU              0x41C
   46 00000000 00000420 
                       GPIO_AFSEL
                               EQU              0x420
   47 00000000 00000508 
                       GPIO_DR8R
                               EQU              0x508
   48 00000000 0000050C 
                       GPIO_ODR
                               EQU              0x50C
   49 00000000 00000510 
                       GPIO_PUR
                               EQU              0x510
   50 00000000 00000514 
                       GPIO_PDR
                               EQU              0x514
   51 00000000 0000051C 
                       GPIO_DEN
                               EQU              0x51C
   52 00000000 0000052C 
                       GPIO_PCTL
                               EQU              0x52C
   53 00000000 00000524 
                       GPIO_CR EQU              0x524
   54 00000000 00000520 
                       GPIO_LOCK
                               EQU              0x520
   55 00000000         
   56 00000000 4000C000 
                       UART0_BASE
                               EQU              0x4000C000
   57 00000000 4000C000 
                       UART0_DR_R
                               EQU              0x4000C000
   58 00000000 4000C018 
                       UART0_FR_R
                               EQU              0x4000C018
   59 00000000 00000024 
                       UART0_IBRD
                               EQU              0x024
   60 00000000 00000028 
                       UART0_FBRD
                               EQU              0x028
   61 00000000 0000002C 
                       UART0_LCRH
                               EQU              0x02C
   62 00000000 00000030 
                       UART0_CTL
                               EQU              0x030
   63 00000000         
   64 00000000 40030000 
                       TIMER0_BASE
                               EQU              0x40030000



ARM Macro Assembler    Page 4 


   65 00000000 40031000 
                       TIMER1_BASE
                               EQU              0x40031000
   66 00000000 40032000 
                       TIMER2_BASE
                               EQU              0x40032000
   67 00000000 40033000 
                       TIMER3_BASE
                               EQU              0x40033000
   68 00000000         
   69 00000000 0000000C 
                       TIMER_CTL
                               EQU              0x00C
   70 00000000 00000000 
                       TIMER_CFG
                               EQU              0x000
   71 00000000 00000004 
                       TIMER_TAMR
                               EQU              0x004
   72 00000000 00000008 
                       TIMER_TBMR
                               EQU              0x008
   73 00000000 00000028 
                       TIMER_TAILR
                               EQU              0x028
   74 00000000 0000002C 
                       TIMER_TBILR
                               EQU              0x02C
   75 00000000 00000038 
                       TIMER_TAPR
                               EQU              0x038
   76 00000000 0000003C 
                       TIMER_TBPR
                               EQU              0x03C
   77 00000000 00000018 
                       TIMER_IMR
                               EQU              0x018
   78 00000000 00000024 
                       TIMER_ICR
                               EQU              0x024
   79 00000000 00000048 
                       TIMER_TAR
                               EQU              0x048
   80 00000000 0000004C 
                       TIMER_TBR
                               EQU              0x04C
   81 00000000 0000001C 
                       TIMER_RIS
                               EQU              0x01C
   82 00000000         
   83 00000000         
   84 00000000         
   85 00000000                 END
    5 00000000         
    6 00000000                 IMPORT           TimeA
    7 00000000                 IMPORT           TimeB
    8 00000000                 IMPORT           OUT2DEC
    9 00000000                 IMPORT           Read_Char   ; char returned in 
                                                            R3



ARM Macro Assembler    Page 5 


   10 00000000                 IMPORT           Write_Char  ; char must be in R
                                                            3 before calling
   11 00000000                 IMPORT           DelayMs     ; number of ms must
                                                             be stored in R4 be
                                                            fore calling
   12 00000000                 IMPORT           DelayUs
   13 00000000                 IMPORT           Init_Timers
   14 00000000                 IMPORT           GpioSetupClk
   15 00000000                 IMPORT           GpioSetupPort
   16 00000000                 IMPORT           OUT2DEC
   17 00000000                 IMPORT           MyISRup
   18 00000000                 IMPORT           MyISRdown
   19 00000000         
   20 00000000                 EXPORT           Setup_TIMER
   21 00000000                 EXPORT           SetupGPIO
   22 00000000                 EXPORT           Rise_ISR
   23 00000000                 EXPORT           Fall_ISR
   24 00000000         
   25 00000000         SetupGPIO
   26 00000000         ; Setup gpio port on pins B4-B6 for trigger and echo lin
                       es
   27 00000000 B500            PUSH             {LR}
   28 00000002         ;BL GpioSetupClk  
   29 00000002         ;BL GpioSetupPort
   30 00000002 484E            LDR              R0, =SYSCTL_RCGCGPIO
   31 00000004 6801            LDR              R1, [R0]
   32 00000006 F041 0102       ORR              R1, #0x2
   33 0000000A 6001            STR              R1, [R0]
   34 0000000C         
   35 0000000C 484C            LDR              R0, =SYSCTL_PRGPIO
   36 0000000E         portClkLoop
   37 0000000E 6801            LDR              R1, [R0]
   38 00000010 F001 0102       AND              R1, #0x2
   39 00000014 2902            CMP              R1, #0x2
   40 00000016 D1FA            BNE              portClkLoop
   41 00000018         
   42 00000018 F04F 0310       MOV              R3, #0x10
   43 0000001C F7FF FFFE       BL               DelayMs
   44 00000020         
   45 00000020 4848            LDR              R0, =GPIO_B_BASE
   46 00000022         
   47 00000022 F8D0 1400       LDR              R1, [R0, #GPIO_DIR]
   48 00000026 F021 010C       BIC              R1, #0xC
   49 0000002A F041 0110       ORR              R1, #0x10
   50 0000002E F8C0 1400       STR              R1, [R0, #GPIO_DIR]
   51 00000032         
   52 00000032 F8D0 1420       LDR              R1, [R0, #GPIO_AFSEL]
   53 00000036 F041 010C       ORR              R1, #0xC
   54 0000003A F8C0 1420       STR              R1, [R0, #GPIO_AFSEL]
   55 0000003E         
   56 0000003E F8D0 152C       LDR              R1, [R0, #GPIO_PCTL]
   57 00000042 4A41            LDR              R2, =0xFFF00
   58 00000044 EA21 0102       BIC              R1, R2
   59 00000048 F441 41EE       ORR              R1, #0x7700
   60 0000004C F8C0 152C       STR              R1, [R0, #GPIO_PCTL]
   61 00000050         
   62 00000050 F8D0 151C       LDR              R1, [R0, #GPIO_DEN]
   63 00000054 F041 011C       ORR              R1, #0x1C
   64 00000058 F8C0 151C       STR              R1, [R0, #GPIO_DEN]



ARM Macro Assembler    Page 6 


   65 0000005C         
   66 0000005C         
   67 0000005C F85D EB04       POP              {LR}
   68 00000060 4770            BX               LR
   69 00000062         
   70 00000062         Setup_TIMER
   71 00000062         ; Setup required timer to detect rising (timer A) / fall
                       ing (timer B)edge
   72 00000062 B500            PUSH             {LR}
   73 00000064         ;BL Init_Timers  
   74 00000064         
   75 00000064 4839            LDR              R0, =SYSCTL_RCGCTIMER
   76 00000066 6801            LDR              R1, [R0]
   77 00000068 F041 0108       ORR              R1, #0x8
   78 0000006C 6001            STR              R1, [R0]
   79 0000006E         
   80 0000006E 4838            LDR              R0, =SYSCTL_PRTIMER
   81 00000070         timerClkLoop
   82 00000070 6801            LDR              R1, [R0]
   83 00000072 F001 0108       AND              R1, #0x8
   84 00000076 2908            CMP              R1, #0x8
   85 00000078 D1FA            BNE              timerClkLoop
   86 0000007A         
   87 0000007A F04F 0310       MOV              R3, #0x10
   88 0000007E F7FF FFFE       BL               DelayMs
   89 00000082         
   90 00000082 B672            CPSID            I
   91 00000084         
   92 00000084 4833            LDR              R0, =TIMER3_BASE
   93 00000086         
   94 00000086 68C1            LDR              R1, [R0, #TIMER_CTL]
   95 00000088 F240 1201       LDR              R2, =0x101
   96 0000008C EA21 0102       BIC              R1, R2
   97 00000090 60C1            STR              R1, [R0, #TIMER_CTL]
   98 00000092         
   99 00000092 6801            LDR              R1, [R0, #TIMER_CFG]
  100 00000094 F04F 0104       MOV              R1, #0x4
  101 00000098 6001            STR              R1, [R0, #TIMER_CFG]
  102 0000009A         
  103 0000009A 6841            LDR              R1, [R0, #TIMER_TAMR]
  104 0000009C F021 0108       BIC              R1, #8
  105 000000A0 F041 0107       ORR              R1, #7
  106 000000A4 6041            STR              R1, [R0, #TIMER_TAMR]
  107 000000A6         
  108 000000A6 6881            LDR              R1, [R0, #TIMER_TBMR]
  109 000000A8 F021 0108       BIC              R1, #8
  110 000000AC F041 0107       ORR              R1, #7
  111 000000B0 6081            STR              R1, [R0, #TIMER_TBMR]
  112 000000B2         
  113 000000B2 68C1            LDR              R1, [R0, #TIMER_CTL]
  114 000000B4 F640 420C       LDR              R2, =0xC0C
  115 000000B8 EA21 0102       BIC              R1, R2
  116 000000BC F441 6180       ORR              R1, #0x400
  117 000000C0 60C1            STR              R1, [R0, #TIMER_CTL]
  118 000000C2         
  119 000000C2         
  120 000000C2 6A81            LDR              R1, [R0, #TIMER_TAILR]
  121 000000C4 F64F 71FF       MOV              R1, #0xFFFF
  122 000000C8 6281            STR              R1, [R0, #TIMER_TAILR]



ARM Macro Assembler    Page 7 


  123 000000CA         
  124 000000CA 6AC1            LDR              R1, [R0, #TIMER_TBILR]
  125 000000CC F64F 71FF       MOV              R1, #0XFFFF
  126 000000D0 62C1            STR              R1, [R0, #TIMER_TBILR]
  127 000000D2         
  128 000000D2 6981            LDR              R1, [R0, #TIMER_IMR]
  129 000000D4 F240 4204       LDR              R2, =0x404
  130 000000D8 EA41 0102       ORR              R1, R2
  131 000000DC 6181            STR              R1, [R0, #TIMER_IMR]
  132 000000DE         
  133 000000DE 491E            LDR              R1, =NVIC_EN1
  134 000000E0 680A            LDR              R2, [R1]
  135 000000E2 F042 0218       ORR              R2, #(3<<3)
  136 000000E6 600A            STR              R2, [R1]
  137 000000E8         
  138 000000E8 6A41            LDR              R1, [R0, #TIMER_ICR]
  139 000000EA F240 4204       LDR              R2, =0x404
  140 000000EE EA41 0102       ORR              R1, R2
  141 000000F2 6241            STR              R1, [R0, #TIMER_ICR]
  142 000000F4         
  143 000000F4 68C1            LDR              R1, [R0, #TIMER_CTL]
  144 000000F6 F240 1201       LDR              R2, =0x101
  145 000000FA EA41 0102       ORR              R1, R2
  146 000000FE 60C1            STR              R1, [R0, #TIMER_CTL]
  147 00000100         
  148 00000100 B662            CPSIE            I
  149 00000102         
  150 00000102 F85D EB04       POP              {LR}
  151 00000106 4770            BX               LR
  152 00000108         
  153 00000108         
  154 00000108         
  155 00000108         Rise_ISR                             ; --- TIMER A ---
  156 00000108 B500            PUSH             {LR}
  157 0000010A         ;BL MyISRup
  158 0000010A         
  159 0000010A F04F 032D       MOV              R3, #'-'
  160 0000010E F7FF FFFE       BL               Write_Char
  161 00000112         
  162 00000112 4810            LDR              R0, =TIMER3_BASE
  163 00000114 6A41            LDR              R1, [R0, #TIMER_ICR]
  164 00000116 F041 0104       ORR              R1, #4
  165 0000011A 6241            STR              R1, [R0, #TIMER_ICR]
  166 0000011C         
  167 0000011C F85D EB04       POP              {LR}
  168 00000120 4770            BX               LR
  169 00000122         
  170 00000122         Fall_ISR                             ; --- TIMER B ---
  171 00000122 B500            PUSH             {LR}
  172 00000124         ;BL MyISRdown
  173 00000124         
  174 00000124 F04F 032E       MOV              R3, #'.'
  175 00000128 F7FF FFFE       BL               Write_Char
  176 0000012C         
  177 0000012C 4809            LDR              R0, =TIMER3_BASE
  178 0000012E 6A41            LDR              R1, [R0, #TIMER_ICR]
  179 00000130 F441 6180       ORR              R1, #0x400
  180 00000134 6241            STR              R1, [R0, #TIMER_ICR]
  181 00000136         



ARM Macro Assembler    Page 8 


  182 00000136 F85D EB04       POP              {LR}
  183 0000013A 4770            BX               LR
  184 0000013C         
  185 0000013C         
  186 0000013C                 ALIGN
  187 0000013C                 END
              400FE608 
              400FEA08 
              40005000 
              000FFF00 
              400FE604 
              400FEA04 
              40033000 
              E000E104 
Command Line: --debug --xref --diag_suppress=9931 --cpu=Cortex-M4.fp --apcs=int
erwork --depend=.\mycode.d -o.\mycode.o -I.\RTE\_Target_1 -IC:\Keil_v5\ARM\PACK
\ARM\CMSIS\5.0.1\CMSIS\Include -IC:\Keil_v5\ARM\PACK\Keil\TM4C_DFP\1.1.0\Device
\Include\TM4C123 --predefine="__EVAL SETA 1" --predefine="__UVISION_VERSION SET
A 523" --predefine="_RTE_ SETA 1" --predefine="TM4C123GH6PM SETA 1" --list=.\my
code.lst MyCode.s



ARM Macro Assembler    Page 1 Alphabetic symbol ordering
Relocatable symbols

Fall_ISR 00000122

Symbol: Fall_ISR
   Definitions
      At line 170 in file MyCode.s
   Uses
      At line 23 in file MyCode.s
Comment: Fall_ISR used once
MYCODE 00000000

Symbol: MYCODE
   Definitions
      At line 2 in file MyCode.s
   Uses
      None
Comment: MYCODE unused
Rise_ISR 00000108

Symbol: Rise_ISR
   Definitions
      At line 155 in file MyCode.s
   Uses
      At line 22 in file MyCode.s
Comment: Rise_ISR used once
SetupGPIO 00000000

Symbol: SetupGPIO
   Definitions
      At line 25 in file MyCode.s
   Uses
      At line 21 in file MyCode.s
Comment: SetupGPIO used once
Setup_TIMER 00000062

Symbol: Setup_TIMER
   Definitions
      At line 70 in file MyCode.s
   Uses
      At line 20 in file MyCode.s
Comment: Setup_TIMER used once
portClkLoop 0000000E

Symbol: portClkLoop
   Definitions
      At line 36 in file MyCode.s
   Uses
      At line 40 in file MyCode.s
Comment: portClkLoop used once
timerClkLoop 00000070

Symbol: timerClkLoop
   Definitions
      At line 81 in file MyCode.s
   Uses
      At line 85 in file MyCode.s
Comment: timerClkLoop used once
7 symbols



ARM Macro Assembler    Page 1 Alphabetic symbol ordering
Absolute symbols

GPIO_AFSEL 00000420

Symbol: GPIO_AFSEL
   Definitions
      At line 46 in file Registers.s
   Uses
      At line 52 in file MyCode.s
      At line 54 in file MyCode.s

GPIO_A_BASE 40004000

Symbol: GPIO_A_BASE
   Definitions
      At line 23 in file Registers.s
   Uses
      None
Comment: GPIO_A_BASE unused
GPIO_A_DATA 400043FC

Symbol: GPIO_A_DATA
   Definitions
      At line 30 in file Registers.s
   Uses
      None
Comment: GPIO_A_DATA unused
GPIO_B_BASE 40005000

Symbol: GPIO_B_BASE
   Definitions
      At line 24 in file Registers.s
   Uses
      At line 45 in file MyCode.s
Comment: GPIO_B_BASE used once
GPIO_B_DATA 400053FC

Symbol: GPIO_B_DATA
   Definitions
      At line 31 in file Registers.s
   Uses
      None
Comment: GPIO_B_DATA unused
GPIO_CR 00000524

Symbol: GPIO_CR
   Definitions
      At line 53 in file Registers.s
   Uses
      None
Comment: GPIO_CR unused
GPIO_C_BASE 40006000

Symbol: GPIO_C_BASE
   Definitions
      At line 25 in file Registers.s
   Uses
      None
Comment: GPIO_C_BASE unused
GPIO_C_DATA 400063FC




ARM Macro Assembler    Page 2 Alphabetic symbol ordering
Absolute symbols

Symbol: GPIO_C_DATA
   Definitions
      At line 32 in file Registers.s
   Uses
      None
Comment: GPIO_C_DATA unused
GPIO_DATA 000003FC

Symbol: GPIO_DATA
   Definitions
      At line 37 in file Registers.s
   Uses
      None
Comment: GPIO_DATA unused
GPIO_DEN 0000051C

Symbol: GPIO_DEN
   Definitions
      At line 51 in file Registers.s
   Uses
      At line 62 in file MyCode.s
      At line 64 in file MyCode.s

GPIO_DIR 00000400

Symbol: GPIO_DIR
   Definitions
      At line 38 in file Registers.s
   Uses
      At line 47 in file MyCode.s
      At line 50 in file MyCode.s

GPIO_DR8R 00000508

Symbol: GPIO_DR8R
   Definitions
      At line 47 in file Registers.s
   Uses
      None
Comment: GPIO_DR8R unused
GPIO_D_BASE 40007000

Symbol: GPIO_D_BASE
   Definitions
      At line 26 in file Registers.s
   Uses
      None
Comment: GPIO_D_BASE unused
GPIO_D_DATA 400073FC

Symbol: GPIO_D_DATA
   Definitions
      At line 33 in file Registers.s
   Uses
      None
Comment: GPIO_D_DATA unused
GPIO_E_BASE 40024000

Symbol: GPIO_E_BASE



ARM Macro Assembler    Page 3 Alphabetic symbol ordering
Absolute symbols

   Definitions
      At line 27 in file Registers.s
   Uses
      None
Comment: GPIO_E_BASE unused
GPIO_E_DATA 400243FC

Symbol: GPIO_E_DATA
   Definitions
      At line 34 in file Registers.s
   Uses
      None
Comment: GPIO_E_DATA unused
GPIO_F_BASE 40025000

Symbol: GPIO_F_BASE
   Definitions
      At line 28 in file Registers.s
   Uses
      None
Comment: GPIO_F_BASE unused
GPIO_F_DATA 400253FC

Symbol: GPIO_F_DATA
   Definitions
      At line 35 in file Registers.s
   Uses
      None
Comment: GPIO_F_DATA unused
GPIO_IBE 00000408

Symbol: GPIO_IBE
   Definitions
      At line 40 in file Registers.s
   Uses
      None
Comment: GPIO_IBE unused
GPIO_ICR 0000041C

Symbol: GPIO_ICR
   Definitions
      At line 45 in file Registers.s
   Uses
      None
Comment: GPIO_ICR unused
GPIO_IEV 0000040C

Symbol: GPIO_IEV
   Definitions
      At line 41 in file Registers.s
   Uses
      None
Comment: GPIO_IEV unused
GPIO_IM 00000410

Symbol: GPIO_IM
   Definitions
      At line 42 in file Registers.s
   Uses



ARM Macro Assembler    Page 4 Alphabetic symbol ordering
Absolute symbols

      None
Comment: GPIO_IM unused
GPIO_IS 00000404

Symbol: GPIO_IS
   Definitions
      At line 39 in file Registers.s
   Uses
      None
Comment: GPIO_IS unused
GPIO_LOCK 00000520

Symbol: GPIO_LOCK
   Definitions
      At line 54 in file Registers.s
   Uses
      None
Comment: GPIO_LOCK unused
GPIO_MIS 00000418

Symbol: GPIO_MIS
   Definitions
      At line 44 in file Registers.s
   Uses
      None
Comment: GPIO_MIS unused
GPIO_ODR 0000050C

Symbol: GPIO_ODR
   Definitions
      At line 48 in file Registers.s
   Uses
      None
Comment: GPIO_ODR unused
GPIO_PCTL 0000052C

Symbol: GPIO_PCTL
   Definitions
      At line 52 in file Registers.s
   Uses
      At line 56 in file MyCode.s
      At line 60 in file MyCode.s

GPIO_PDR 00000514

Symbol: GPIO_PDR
   Definitions
      At line 50 in file Registers.s
   Uses
      None
Comment: GPIO_PDR unused
GPIO_PORTF_UNLOCK 4C4F434B

Symbol: GPIO_PORTF_UNLOCK
   Definitions
      At line 9 in file Registers.s
   Uses
      None
Comment: GPIO_PORTF_UNLOCK unused



ARM Macro Assembler    Page 5 Alphabetic symbol ordering
Absolute symbols

GPIO_PUR 00000510

Symbol: GPIO_PUR
   Definitions
      At line 49 in file Registers.s
   Uses
      None
Comment: GPIO_PUR unused
GPIO_RIS 00000414

Symbol: GPIO_RIS
   Definitions
      At line 43 in file Registers.s
   Uses
      None
Comment: GPIO_RIS unused
NVIC_EN0 E000E100

Symbol: NVIC_EN0
   Definitions
      At line 15 in file Registers.s
   Uses
      None
Comment: NVIC_EN0 unused
NVIC_EN1 E000E104

Symbol: NVIC_EN1
   Definitions
      At line 16 in file Registers.s
   Uses
      At line 133 in file MyCode.s
Comment: NVIC_EN1 used once
NVIC_PRI_base E000E400

Symbol: NVIC_PRI_base
   Definitions
      At line 17 in file Registers.s
   Uses
      None
Comment: NVIC_PRI_base unused
NVIC_ST_CTRL E000E010

Symbol: NVIC_ST_CTRL
   Definitions
      At line 18 in file Registers.s
   Uses
      None
Comment: NVIC_ST_CTRL unused
NVIC_ST_CURRENT E000E018

Symbol: NVIC_ST_CURRENT
   Definitions
      At line 20 in file Registers.s
   Uses
      None
Comment: NVIC_ST_CURRENT unused
NVIC_ST_RELOAD E000E014

Symbol: NVIC_ST_RELOAD



ARM Macro Assembler    Page 6 Alphabetic symbol ordering
Absolute symbols

   Definitions
      At line 19 in file Registers.s
   Uses
      None
Comment: NVIC_ST_RELOAD unused
NVIC_SYS_PRI3 E000ED20

Symbol: NVIC_SYS_PRI3
   Definitions
      At line 21 in file Registers.s
   Uses
      None
Comment: NVIC_SYS_PRI3 unused
PRGPIO 00000A08

Symbol: PRGPIO
   Definitions
      At line 11 in file Registers.s
   Uses
      None
Comment: PRGPIO unused
PRUART 00000A18

Symbol: PRUART
   Definitions
      At line 13 in file Registers.s
   Uses
      None
Comment: PRUART unused
RCGCGPIO 00000608

Symbol: RCGCGPIO
   Definitions
      At line 10 in file Registers.s
   Uses
      None
Comment: RCGCGPIO unused
RCGCUART 00000618

Symbol: RCGCUART
   Definitions
      At line 12 in file Registers.s
   Uses
      None
Comment: RCGCUART unused
SYSCTL_BASE 400FE000

Symbol: SYSCTL_BASE
   Definitions
      At line 2 in file Registers.s
   Uses
      None
Comment: SYSCTL_BASE unused
SYSCTL_PRGPIO 400FEA08

Symbol: SYSCTL_PRGPIO
   Definitions
      At line 4 in file Registers.s
   Uses



ARM Macro Assembler    Page 7 Alphabetic symbol ordering
Absolute symbols

      At line 35 in file MyCode.s
Comment: SYSCTL_PRGPIO used once
SYSCTL_PRTIMER 400FEA04

Symbol: SYSCTL_PRTIMER
   Definitions
      At line 8 in file Registers.s
   Uses
      At line 80 in file MyCode.s
Comment: SYSCTL_PRTIMER used once
SYSCTL_PRUART 400FEA18

Symbol: SYSCTL_PRUART
   Definitions
      At line 6 in file Registers.s
   Uses
      None
Comment: SYSCTL_PRUART unused
SYSCTL_RCGCGPIO 400FE608

Symbol: SYSCTL_RCGCGPIO
   Definitions
      At line 3 in file Registers.s
   Uses
      At line 30 in file MyCode.s
Comment: SYSCTL_RCGCGPIO used once
SYSCTL_RCGCTIMER 400FE604

Symbol: SYSCTL_RCGCTIMER
   Definitions
      At line 7 in file Registers.s
   Uses
      At line 75 in file MyCode.s
Comment: SYSCTL_RCGCTIMER used once
SYSCTL_RCGCUART 400FE618

Symbol: SYSCTL_RCGCUART
   Definitions
      At line 5 in file Registers.s
   Uses
      None
Comment: SYSCTL_RCGCUART unused
TIMER0_BASE 40030000

Symbol: TIMER0_BASE
   Definitions
      At line 64 in file Registers.s
   Uses
      None
Comment: TIMER0_BASE unused
TIMER1_BASE 40031000

Symbol: TIMER1_BASE
   Definitions
      At line 65 in file Registers.s
   Uses
      None
Comment: TIMER1_BASE unused
TIMER2_BASE 40032000



ARM Macro Assembler    Page 8 Alphabetic symbol ordering
Absolute symbols


Symbol: TIMER2_BASE
   Definitions
      At line 66 in file Registers.s
   Uses
      None
Comment: TIMER2_BASE unused
TIMER3_BASE 40033000

Symbol: TIMER3_BASE
   Definitions
      At line 67 in file Registers.s
   Uses
      At line 92 in file MyCode.s
      At line 162 in file MyCode.s
      At line 177 in file MyCode.s

TIMER_CFG 00000000

Symbol: TIMER_CFG
   Definitions
      At line 70 in file Registers.s
   Uses
      At line 99 in file MyCode.s
      At line 101 in file MyCode.s

TIMER_CTL 0000000C

Symbol: TIMER_CTL
   Definitions
      At line 69 in file Registers.s
   Uses
      At line 94 in file MyCode.s
      At line 97 in file MyCode.s
      At line 113 in file MyCode.s
      At line 117 in file MyCode.s
      At line 143 in file MyCode.s
      At line 146 in file MyCode.s

TIMER_ICR 00000024

Symbol: TIMER_ICR
   Definitions
      At line 78 in file Registers.s
   Uses
      At line 138 in file MyCode.s
      At line 141 in file MyCode.s
      At line 163 in file MyCode.s
      At line 165 in file MyCode.s
      At line 178 in file MyCode.s
      At line 180 in file MyCode.s

TIMER_IMR 00000018

Symbol: TIMER_IMR
   Definitions
      At line 77 in file Registers.s
   Uses
      At line 128 in file MyCode.s



ARM Macro Assembler    Page 9 Alphabetic symbol ordering
Absolute symbols

      At line 131 in file MyCode.s

TIMER_RIS 0000001C

Symbol: TIMER_RIS
   Definitions
      At line 81 in file Registers.s
   Uses
      None
Comment: TIMER_RIS unused
TIMER_TAILR 00000028

Symbol: TIMER_TAILR
   Definitions
      At line 73 in file Registers.s
   Uses
      At line 120 in file MyCode.s
      At line 122 in file MyCode.s

TIMER_TAMR 00000004

Symbol: TIMER_TAMR
   Definitions
      At line 71 in file Registers.s
   Uses
      At line 103 in file MyCode.s
      At line 106 in file MyCode.s

TIMER_TAPR 00000038

Symbol: TIMER_TAPR
   Definitions
      At line 75 in file Registers.s
   Uses
      None
Comment: TIMER_TAPR unused
TIMER_TAR 00000048

Symbol: TIMER_TAR
   Definitions
      At line 79 in file Registers.s
   Uses
      None
Comment: TIMER_TAR unused
TIMER_TBILR 0000002C

Symbol: TIMER_TBILR
   Definitions
      At line 74 in file Registers.s
   Uses
      At line 124 in file MyCode.s
      At line 126 in file MyCode.s

TIMER_TBMR 00000008

Symbol: TIMER_TBMR
   Definitions
      At line 72 in file Registers.s
   Uses



ARM Macro Assembler    Page 10 Alphabetic symbol ordering
Absolute symbols

      At line 108 in file MyCode.s
      At line 111 in file MyCode.s

TIMER_TBPR 0000003C

Symbol: TIMER_TBPR
   Definitions
      At line 76 in file Registers.s
   Uses
      None
Comment: TIMER_TBPR unused
TIMER_TBR 0000004C

Symbol: TIMER_TBR
   Definitions
      At line 80 in file Registers.s
   Uses
      None
Comment: TIMER_TBR unused
UART0_BASE 4000C000

Symbol: UART0_BASE
   Definitions
      At line 56 in file Registers.s
   Uses
      None
Comment: UART0_BASE unused
UART0_CTL 00000030

Symbol: UART0_CTL
   Definitions
      At line 62 in file Registers.s
   Uses
      None
Comment: UART0_CTL unused
UART0_DR_R 4000C000

Symbol: UART0_DR_R
   Definitions
      At line 57 in file Registers.s
   Uses
      None
Comment: UART0_DR_R unused
UART0_FBRD 00000028

Symbol: UART0_FBRD
   Definitions
      At line 60 in file Registers.s
   Uses
      None
Comment: UART0_FBRD unused
UART0_FR_R 4000C018

Symbol: UART0_FR_R
   Definitions
      At line 58 in file Registers.s
   Uses
      None
Comment: UART0_FR_R unused



ARM Macro Assembler    Page 11 Alphabetic symbol ordering
Absolute symbols

UART0_IBRD 00000024

Symbol: UART0_IBRD
   Definitions
      At line 59 in file Registers.s
   Uses
      None
Comment: UART0_IBRD unused
UART0_LCRH 0000002C

Symbol: UART0_LCRH
   Definitions
      At line 61 in file Registers.s
   Uses
      None
Comment: UART0_LCRH unused
73 symbols



ARM Macro Assembler    Page 1 Alphabetic symbol ordering
External symbols

DelayMs 00000000

Symbol: DelayMs
   Definitions
      At line 11 in file MyCode.s
   Uses
      At line 43 in file MyCode.s
      At line 88 in file MyCode.s

DelayUs 00000000

Symbol: DelayUs
   Definitions
      At line 12 in file MyCode.s
   Uses
      None
Comment: DelayUs unused
GpioSetupClk 00000000

Symbol: GpioSetupClk
   Definitions
      At line 14 in file MyCode.s
   Uses
      None
Comment: GpioSetupClk unused
GpioSetupPort 00000000

Symbol: GpioSetupPort
   Definitions
      At line 15 in file MyCode.s
   Uses
      None
Comment: GpioSetupPort unused
Init_Timers 00000000

Symbol: Init_Timers
   Definitions
      At line 13 in file MyCode.s
   Uses
      None
Comment: Init_Timers unused
MyISRdown 00000000

Symbol: MyISRdown
   Definitions
      At line 18 in file MyCode.s
   Uses
      None
Comment: MyISRdown unused
MyISRup 00000000

Symbol: MyISRup
   Definitions
      At line 17 in file MyCode.s
   Uses
      None
Comment: MyISRup unused
OUT2DEC 00000000




ARM Macro Assembler    Page 2 Alphabetic symbol ordering
External symbols

Symbol: OUT2DEC
   Definitions
      At line 8 in file MyCode.s
      At line 16 in file MyCode.s
   Uses
      None
Warning: OUT2DEC multiply definedComment: OUT2DEC unused
Read_Char 00000000

Symbol: Read_Char
   Definitions
      At line 9 in file MyCode.s
   Uses
      None
Comment: Read_Char unused
TimeA 00000000

Symbol: TimeA
   Definitions
      At line 6 in file MyCode.s
   Uses
      None
Comment: TimeA unused
TimeB 00000000

Symbol: TimeB
   Definitions
      At line 7 in file MyCode.s
   Uses
      None
Comment: TimeB unused
Write_Char 00000000

Symbol: Write_Char
   Definitions
      At line 10 in file MyCode.s
   Uses
      At line 160 in file MyCode.s
      At line 175 in file MyCode.s

12 symbols
429 symbols in table
